::1 - - [15/Nov/2025:09:52:22 +0000] "POST /api/v1/auth/login HTTP/1.1" 200 301 "-" "PostmanRuntime/7.49.1"
::1 - - [17/Nov/2025:00:43:13 +0000] "POST /api/v1/auth/login HTTP/1.1" - - "-" "PostmanRuntime/7.49.1"
::1 - - [17/Nov/2025:00:43:16 +0000] "POST /api/v1/auth/login HTTP/1.1" 200 301 "-" "PostmanRuntime/7.49.1"
::1 - - [17/Nov/2025:00:43:26 +0000] "POST /api/v1/auth/signup HTTP/1.1" 400 144 "-" "PostmanRuntime/7.49.1"
::1 - - [17/Nov/2025:00:50:12 +0000] "POST /api/v1/auth/login HTTP/1.1" 200 301 "-" "PostmanRuntime/7.49.1"
::1 - - [17/Nov/2025:00:50:15 +0000] "POST /api/v1/auth/login HTTP/1.1" 200 301 "-" "PostmanRuntime/7.49.1"
::1 - - [17/Nov/2025:01:07:52 +0000] "POST /api/v1/auth/login HTTP/1.1" 200 301 "-" "PostmanRuntime/7.49.1"
::1 - - [17/Nov/2025:15:34:29 +0000] "POST /api/v1/auth/signup HTTP/1.1" 400 291 "-" "PostmanRuntime/7.49.1"
::1 - - [17/Nov/2025:15:34:32 +0000] "POST /api/v1/auth/signup HTTP/1.1" 400 291 "-" "PostmanRuntime/7.49.1"
::1 - - [17/Nov/2025:15:35:50 +0000] "POST /api/v1/auth/login HTTP/1.1" 200 301 "-" "PostmanRuntime/7.49.1"
::1 - - [17/Nov/2025:15:36:13 +0000] "PATCH /auth/freeze/690735ae11309b5f4225d122 HTTP/1.1" 404 177 "-" "PostmanRuntime/7.49.1"
::1 - - [17/Nov/2025:15:36:37 +0000] "PATCH /api/v1/auth/freeze/690735ae11309b5f4225d122 HTTP/1.1" 200 388 "-" "PostmanRuntime/7.49.1"
::1 - - [17/Nov/2025:15:36:45 +0000] "POST /api/v1/auth/login HTTP/1.1" 200 301 "-" "PostmanRuntime/7.49.1"
::1 - - [17/Nov/2025:15:36:48 +0000] "POST /api/v1/auth/login HTTP/1.1" 200 301 "-" "PostmanRuntime/7.49.1"
::1 - - [17/Nov/2025:15:36:49 +0000] "POST /api/v1/auth/login HTTP/1.1" 200 301 "-" "PostmanRuntime/7.49.1"
::1 - - [17/Nov/2025:15:36:51 +0000] "POST /api/v1/auth/login HTTP/1.1" 200 301 "-" "PostmanRuntime/7.49.1"
::1 - - [17/Nov/2025:15:37:01 +0000] "PATCH /api/v1/auth/freeze/690735ae11309b5f4225d122 HTTP/1.1" 200 388 "-" "PostmanRuntime/7.49.1"
::1 - - [17/Nov/2025:15:37:07 +0000] "POST /api/v1/auth/login HTTP/1.1" 200 301 "-" "PostmanRuntime/7.49.1"
::1 - - [17/Nov/2025:15:38:02 +0000] "POST /api/v1/auth/login HTTP/1.1" 200 301 "-" "PostmanRuntime/7.49.1"
::1 - - [17/Nov/2025:15:41:33 +0000] "POST /api/v1/auth/login HTTP/1.1" 403 31 "-" "PostmanRuntime/7.49.1"
::1 - - [17/Nov/2025:15:43:06 +0000] "PATCH /api/v1/auth/unfreeze/690735ae11309b5f4225d122 HTTP/1.1" 200 391 "-" "PostmanRuntime/7.49.1"
::1 - - [17/Nov/2025:15:43:11 +0000] "POST /api/v1/auth/login HTTP/1.1" 200 301 "-" "PostmanRuntime/7.49.1"
::1 - - [22/Nov/2025:12:25:16 +0000] "POST /api/v1/auth/login HTTP/1.1" 200 301 "-" "PostmanRuntime/7.49.1"
::1 - - [22/Nov/2025:12:25:19 +0000] "POST /api/v1/auth/login HTTP/1.1" 200 301 "-" "PostmanRuntime/7.49.1"
::1 - - [22/Nov/2025:12:25:21 +0000] "POST /api/v1/auth/login HTTP/1.1" 200 301 "-" "PostmanRuntime/7.49.1"
::1 - - [22/Nov/2025:12:25:23 +0000] "POST /api/v1/auth/login HTTP/1.1" 200 301 "-" "PostmanRuntime/7.49.1"
::1 - - [22/Nov/2025:12:25:25 +0000] "POST /api/v1/auth/login HTTP/1.1" 200 301 "-" "PostmanRuntime/7.49.1"
::1 - - [22/Nov/2025:12:25:27 +0000] "POST /api/v1/auth/login HTTP/1.1" 200 301 "-" "PostmanRuntime/7.49.1"
::1 - - [22/Nov/2025:12:25:29 +0000] "POST /api/v1/auth/login HTTP/1.1" 200 301 "-" "PostmanRuntime/7.49.1"
::1 - - [22/Nov/2025:12:25:31 +0000] "POST /api/v1/auth/login HTTP/1.1" 200 301 "-" "PostmanRuntime/7.49.1"
::1 - - [22/Nov/2025:12:25:32 +0000] "POST /api/v1/auth/login HTTP/1.1" 200 301 "-" "PostmanRuntime/7.49.1"
::1 - - [22/Nov/2025:12:25:34 +0000] "POST /api/v1/auth/login HTTP/1.1" 200 301 "-" "PostmanRuntime/7.49.1"
::1 - - [22/Nov/2025:12:25:36 +0000] "POST /api/v1/auth/login HTTP/1.1" 200 301 "-" "PostmanRuntime/7.49.1"
::1 - - [22/Nov/2025:12:25:38 +0000] "POST /api/v1/auth/login HTTP/1.1" 200 301 "-" "PostmanRuntime/7.49.1"
::1 - - [22/Nov/2025:12:25:40 +0000] "POST /api/v1/auth/login HTTP/1.1" 200 301 "-" "PostmanRuntime/7.49.1"
::1 - - [22/Nov/2025:12:25:42 +0000] "POST /api/v1/auth/login HTTP/1.1" 200 301 "-" "PostmanRuntime/7.49.1"
::1 - - [22/Nov/2025:12:25:44 +0000] "POST /api/v1/auth/login HTTP/1.1" 200 301 "-" "PostmanRuntime/7.49.1"
::1 - - [22/Nov/2025:12:25:45 +0000] "POST /api/v1/auth/login HTTP/1.1" 200 301 "-" "PostmanRuntime/7.49.1"
::1 - - [22/Nov/2025:12:25:47 +0000] "POST /api/v1/auth/login HTTP/1.1" 200 301 "-" "PostmanRuntime/7.49.1"
::1 - - [22/Nov/2025:12:25:49 +0000] "POST /api/v1/auth/login HTTP/1.1" 200 301 "-" "PostmanRuntime/7.49.1"
::1 - - [22/Nov/2025:12:25:51 +0000] "POST /api/v1/auth/login HTTP/1.1" 200 301 "-" "PostmanRuntime/7.49.1"
::1 - - [22/Nov/2025:12:25:53 +0000] "POST /api/v1/auth/login HTTP/1.1" 200 301 "-" "PostmanRuntime/7.49.1"
::1 - - [22/Nov/2025:12:25:54 +0000] "POST /api/v1/auth/login HTTP/1.1" 200 301 "-" "PostmanRuntime/7.49.1"
::1 - - [22/Nov/2025:12:25:56 +0000] "POST /api/v1/auth/login HTTP/1.1" 200 301 "-" "PostmanRuntime/7.49.1"
::1 - - [22/Nov/2025:12:25:58 +0000] "POST /api/v1/auth/login HTTP/1.1" 200 301 "-" "PostmanRuntime/7.49.1"
::1 - - [22/Nov/2025:12:26:01 +0000] "POST /api/v1/auth/login HTTP/1.1" 200 301 "-" "PostmanRuntime/7.49.1"
::1 - - [22/Nov/2025:12:26:03 +0000] "POST /api/v1/auth/login HTTP/1.1" 200 301 "-" "PostmanRuntime/7.49.1"
::1 - - [22/Nov/2025:12:26:05 +0000] "POST /api/v1/auth/login HTTP/1.1" 200 301 "-" "PostmanRuntime/7.49.1"
::1 - - [22/Nov/2025:12:26:06 +0000] "POST /api/v1/auth/login HTTP/1.1" 200 301 "-" "PostmanRuntime/7.49.1"
::1 - - [22/Nov/2025:12:26:08 +0000] "POST /api/v1/auth/login HTTP/1.1" 200 301 "-" "PostmanRuntime/7.49.1"
::1 - - [22/Nov/2025:12:27:42 +0000] "POST /api/v1/auth/login HTTP/1.1" 200 301 "-" "PostmanRuntime/7.49.1"
::1 - - [22/Nov/2025:12:27:44 +0000] "POST /api/v1/auth/login HTTP/1.1" 200 301 "-" "PostmanRuntime/7.49.1"
::1 - - [22/Nov/2025:12:27:46 +0000] "POST /api/v1/auth/login HTTP/1.1" 200 301 "-" "PostmanRuntime/7.49.1"
::1 - - [22/Nov/2025:12:27:48 +0000] "POST /api/v1/auth/login HTTP/1.1" 200 301 "-" "PostmanRuntime/7.49.1"
::1 - - [22/Nov/2025:12:27:49 +0000] "POST /api/v1/auth/login HTTP/1.1" 200 301 "-" "PostmanRuntime/7.49.1"
::1 - - [22/Nov/2025:12:27:51 +0000] "POST /api/v1/auth/login HTTP/1.1" 200 301 "-" "PostmanRuntime/7.49.1"
::1 - - [22/Nov/2025:12:27:53 +0000] "POST /api/v1/auth/login HTTP/1.1" 200 301 "-" "PostmanRuntime/7.49.1"
::1 - - [22/Nov/2025:12:27:55 +0000] "POST /api/v1/auth/login HTTP/1.1" 200 301 "-" "PostmanRuntime/7.49.1"
::1 - - [22/Nov/2025:12:27:56 +0000] "POST /api/v1/auth/login HTTP/1.1" 200 301 "-" "PostmanRuntime/7.49.1"
::1 - - [22/Nov/2025:12:27:58 +0000] "POST /api/v1/auth/login HTTP/1.1" 200 301 "-" "PostmanRuntime/7.49.1"
::1 - - [22/Nov/2025:12:27:59 +0000] "POST /api/v1/auth/login HTTP/1.1" 200 301 "-" "PostmanRuntime/7.49.1"
::1 - - [22/Nov/2025:12:28:01 +0000] "POST /api/v1/auth/login HTTP/1.1" 200 301 "-" "PostmanRuntime/7.49.1"
::1 - - [22/Nov/2025:12:30:57 +0000] "POST /api/v1/auth/login HTTP/1.1" 200 301 "-" "PostmanRuntime/7.49.1"
::1 - - [22/Nov/2025:12:30:58 +0000] "POST /api/v1/auth/login HTTP/1.1" 200 301 "-" "PostmanRuntime/7.49.1"
::1 - - [22/Nov/2025:12:31:00 +0000] "POST /api/v1/auth/login HTTP/1.1" 200 301 "-" "PostmanRuntime/7.49.1"
::1 - - [22/Nov/2025:12:31:02 +0000] "POST /api/v1/auth/login HTTP/1.1" 200 301 "-" "PostmanRuntime/7.49.1"
::1 - - [22/Nov/2025:12:31:04 +0000] "POST /api/v1/auth/login HTTP/1.1" 200 301 "-" "PostmanRuntime/7.49.1"
::1 - - [22/Nov/2025:12:31:06 +0000] "POST /api/v1/auth/login HTTP/1.1" 200 301 "-" "PostmanRuntime/7.49.1"
::1 - - [22/Nov/2025:12:31:08 +0000] "POST /api/v1/auth/login HTTP/1.1" 200 301 "-" "PostmanRuntime/7.49.1"
::1 - - [22/Nov/2025:12:31:10 +0000] "POST /api/v1/auth/login HTTP/1.1" 200 301 "-" "PostmanRuntime/7.49.1"
::1 - - [22/Nov/2025:12:31:11 +0000] "POST /api/v1/auth/login HTTP/1.1" 200 301 "-" "PostmanRuntime/7.49.1"
::1 - - [22/Nov/2025:12:31:13 +0000] "POST /api/v1/auth/login HTTP/1.1" 200 301 "-" "PostmanRuntime/7.49.1"
::1 - - [22/Nov/2025:12:31:15 +0000] "POST /api/v1/auth/login HTTP/1.1" 200 301 "-" "PostmanRuntime/7.49.1"
::1 - - [22/Nov/2025:12:31:50 +0000] "POST /api/v1/auth/login HTTP/1.1" 200 301 "-" "PostmanRuntime/7.49.1"
::1 - - [22/Nov/2025:12:31:52 +0000] "POST /api/v1/auth/login HTTP/1.1" 200 301 "-" "PostmanRuntime/7.49.1"
::1 - - [22/Nov/2025:12:31:53 +0000] "POST /api/v1/auth/login HTTP/1.1" 200 301 "-" "PostmanRuntime/7.49.1"
::1 - - [22/Nov/2025:12:31:55 +0000] "POST /api/v1/auth/login HTTP/1.1" 200 301 "-" "PostmanRuntime/7.49.1"
::1 - - [22/Nov/2025:12:31:57 +0000] "POST /api/v1/auth/login HTTP/1.1" 200 301 "-" "PostmanRuntime/7.49.1"
::1 - - [22/Nov/2025:12:31:58 +0000] "POST /api/v1/auth/login HTTP/1.1" 200 301 "-" "PostmanRuntime/7.49.1"
::1 - - [22/Nov/2025:12:32:00 +0000] "POST /api/v1/auth/login HTTP/1.1" 200 301 "-" "PostmanRuntime/7.49.1"
::1 - - [22/Nov/2025:12:32:02 +0000] "POST /api/v1/auth/login HTTP/1.1" 200 301 "-" "PostmanRuntime/7.49.1"
::1 - - [22/Nov/2025:12:32:37 +0000] "POST /api/v1/auth/login HTTP/1.1" 200 301 "-" "PostmanRuntime/7.49.1"
::1 - - [22/Nov/2025:12:32:38 +0000] "POST /api/v1/auth/login HTTP/1.1" 200 301 "-" "PostmanRuntime/7.49.1"
::1 - - [22/Nov/2025:12:32:40 +0000] "POST /api/v1/auth/login HTTP/1.1" 200 301 "-" "PostmanRuntime/7.49.1"
::1 - - [22/Nov/2025:12:32:42 +0000] "POST /api/v1/auth/login HTTP/1.1" 200 301 "-" "PostmanRuntime/7.49.1"
::1 - - [22/Nov/2025:12:32:43 +0000] "POST /api/v1/auth/login HTTP/1.1" 200 301 "-" "PostmanRuntime/7.49.1"
::1 - - [22/Nov/2025:12:32:45 +0000] "POST /api/v1/auth/login HTTP/1.1" 200 301 "-" "PostmanRuntime/7.49.1"
::1 - - [22/Nov/2025:12:32:47 +0000] "POST /api/v1/auth/login HTTP/1.1" 200 301 "-" "PostmanRuntime/7.49.1"
::1 - - [22/Nov/2025:12:32:48 +0000] "POST /api/v1/auth/login HTTP/1.1" 200 301 "-" "PostmanRuntime/7.49.1"
::1 - - [22/Nov/2025:12:37:30 +0000] "POST /api/v1/auth/login HTTP/1.1" 200 301 "-" "PostmanRuntime/7.49.1"
::1 - - [22/Nov/2025:12:37:32 +0000] "POST /api/v1/auth/login HTTP/1.1" 200 301 "-" "PostmanRuntime/7.49.1"
::1 - - [22/Nov/2025:12:37:33 +0000] "POST /api/v1/auth/login HTTP/1.1" 200 301 "-" "PostmanRuntime/7.49.1"
::1 - - [22/Nov/2025:12:37:35 +0000] "POST /api/v1/auth/login HTTP/1.1" 200 301 "-" "PostmanRuntime/7.49.1"
::1 - - [22/Nov/2025:12:37:37 +0000] "POST /api/v1/auth/login HTTP/1.1" 200 301 "-" "PostmanRuntime/7.49.1"
::1 - - [22/Nov/2025:12:37:38 +0000] "POST /api/v1/auth/login HTTP/1.1" 200 301 "-" "PostmanRuntime/7.49.1"
::1 - - [22/Nov/2025:12:37:40 +0000] "POST /api/v1/auth/login HTTP/1.1" 200 301 "-" "PostmanRuntime/7.49.1"
::1 - - [22/Nov/2025:12:37:42 +0000] "POST /api/v1/auth/login HTTP/1.1" 200 301 "-" "PostmanRuntime/7.49.1"
::1 - - [22/Nov/2025:12:37:43 +0000] "POST /api/v1/auth/login HTTP/1.1" 200 301 "-" "PostmanRuntime/7.49.1"
::1 - - [22/Nov/2025:12:49:13 +0000] "POST /api/v1/auth/login HTTP/1.1" 200 301 "-" "PostmanRuntime/7.49.1"
::1 - - [22/Nov/2025:12:49:15 +0000] "POST /api/v1/auth/login HTTP/1.1" 200 301 "-" "PostmanRuntime/7.49.1"
::1 - - [22/Nov/2025:12:49:16 +0000] "POST /api/v1/auth/login HTTP/1.1" 200 301 "-" "PostmanRuntime/7.49.1"
::1 - - [22/Nov/2025:12:49:18 +0000] "POST /api/v1/auth/login HTTP/1.1" 200 301 "-" "PostmanRuntime/7.49.1"
::1 - - [22/Nov/2025:12:49:19 +0000] "POST /api/v1/auth/login HTTP/1.1" 200 301 "-" "PostmanRuntime/7.49.1"
::1 - - [22/Nov/2025:12:49:21 +0000] "POST /api/v1/auth/login HTTP/1.1" 200 301 "-" "PostmanRuntime/7.49.1"
::1 - - [22/Nov/2025:12:49:23 +0000] "POST /api/v1/auth/login HTTP/1.1" 200 301 "-" "PostmanRuntime/7.49.1"
::1 - - [22/Nov/2025:12:49:48 +0000] "POST /api/v1/auth/login HTTP/1.1" 200 301 "-" "PostmanRuntime/7.49.1"
::1 - - [22/Nov/2025:12:49:49 +0000] "POST /api/v1/auth/login HTTP/1.1" 200 301 "-" "PostmanRuntime/7.49.1"
::1 - - [22/Nov/2025:12:49:51 +0000] "POST /api/v1/auth/login HTTP/1.1" 200 301 "-" "PostmanRuntime/7.49.1"
::1 - - [22/Nov/2025:12:49:52 +0000] "POST /api/v1/auth/login HTTP/1.1" 200 301 "-" "PostmanRuntime/7.49.1"
::1 - - [22/Nov/2025:12:49:53 +0000] "POST /api/v1/auth/login HTTP/1.1" 200 301 "-" "PostmanRuntime/7.49.1"
::1 - - [22/Nov/2025:12:49:55 +0000] "POST /api/v1/auth/login HTTP/1.1" 200 301 "-" "PostmanRuntime/7.49.1"
::1 - - [22/Nov/2025:12:49:56 +0000] "POST /api/v1/auth/login HTTP/1.1" 200 301 "-" "PostmanRuntime/7.49.1"
::1 - - [22/Nov/2025:12:49:57 +0000] "POST /api/v1/auth/login HTTP/1.1" 200 301 "-" "PostmanRuntime/7.49.1"
::1 - - [22/Nov/2025:12:56:31 +0000] "POST /api/v1/auth/login HTTP/1.1" 200 301 "-" "PostmanRuntime/7.49.1"
::1 - - [22/Nov/2025:12:56:33 +0000] "POST /api/v1/auth/login HTTP/1.1" 200 301 "-" "PostmanRuntime/7.49.1"
::1 - - [22/Nov/2025:12:56:34 +0000] "POST /api/v1/auth/login HTTP/1.1" 200 301 "-" "PostmanRuntime/7.49.1"
::1 - - [22/Nov/2025:12:56:38 +0000] "POST /api/v1/auth/login HTTP/1.1" 200 301 "-" "PostmanRuntime/7.49.1"
::1 - - [22/Nov/2025:12:56:40 +0000] "POST /api/v1/auth/login HTTP/1.1" 200 301 "-" "PostmanRuntime/7.49.1"
::1 - - [22/Nov/2025:12:56:41 +0000] "POST /api/v1/auth/login HTTP/1.1" 200 301 "-" "PostmanRuntime/7.49.1"
::1 - - [22/Nov/2025:12:56:43 +0000] "POST /api/v1/auth/login HTTP/1.1" 200 301 "-" "PostmanRuntime/7.49.1"
::1 - - [22/Nov/2025:12:57:50 +0000] "POST /api/v1/auth/login HTTP/1.1" 200 301 "-" "PostmanRuntime/7.49.1"
::1 - - [22/Nov/2025:12:57:52 +0000] "POST /api/v1/auth/login HTTP/1.1" 200 301 "-" "PostmanRuntime/7.49.1"
::1 - - [22/Nov/2025:12:57:53 +0000] "POST /api/v1/auth/login HTTP/1.1" 200 301 "-" "PostmanRuntime/7.49.1"
::1 - - [22/Nov/2025:12:57:57 +0000] "POST /api/v1/auth/login HTTP/1.1" 200 301 "-" "PostmanRuntime/7.49.1"
::1 - - [22/Nov/2025:12:57:58 +0000] "POST /api/v1/auth/login HTTP/1.1" 200 301 "-" "PostmanRuntime/7.49.1"
::1 - - [22/Nov/2025:12:58:00 +0000] "POST /api/v1/auth/login HTTP/1.1" 200 301 "-" "PostmanRuntime/7.49.1"
::1 - - [22/Nov/2025:13:02:07 +0000] "POST /api/v1/auth/login HTTP/1.1" 200 301 "-" "PostmanRuntime/7.49.1"
::1 - - [22/Nov/2025:13:02:08 +0000] "POST /api/v1/auth/login HTTP/1.1" 200 301 "-" "PostmanRuntime/7.49.1"
::1 - - [22/Nov/2025:13:02:09 +0000] "POST /api/v1/auth/login HTTP/1.1" 200 301 "-" "PostmanRuntime/7.49.1"
::1 - - [22/Nov/2025:13:02:11 +0000] "POST /api/v1/auth/login HTTP/1.1" 200 301 "-" "PostmanRuntime/7.49.1"
::1 - - [22/Nov/2025:13:02:12 +0000] "POST /api/v1/auth/login HTTP/1.1" 200 301 "-" "PostmanRuntime/7.49.1"
::1 - - [22/Nov/2025:13:02:13 +0000] "POST /api/v1/auth/login HTTP/1.1" 200 301 "-" "PostmanRuntime/7.49.1"
::1 - - [22/Nov/2025:13:02:15 +0000] "POST /api/v1/auth/login HTTP/1.1" 200 301 "-" "PostmanRuntime/7.49.1"
::1 - - [22/Nov/2025:13:05:05 +0000] "POST /api/v1/auth/login HTTP/1.1" 200 301 "-" "PostmanRuntime/7.49.1"
::1 - - [22/Nov/2025:13:05:07 +0000] "POST /api/v1/auth/login HTTP/1.1" 200 301 "-" "PostmanRuntime/7.49.1"
::1 - - [22/Nov/2025:13:05:08 +0000] "POST /api/v1/auth/login HTTP/1.1" 200 301 "-" "PostmanRuntime/7.49.1"
::1 - - [22/Nov/2025:13:05:09 +0000] "POST /api/v1/auth/login HTTP/1.1" 200 301 "-" "PostmanRuntime/7.49.1"
::1 - - [22/Nov/2025:13:05:10 +0000] "POST /api/v1/auth/login HTTP/1.1" 200 301 "-" "PostmanRuntime/7.49.1"
::1 - - [22/Nov/2025:13:05:12 +0000] "POST /api/v1/auth/login HTTP/1.1" 200 301 "-" "PostmanRuntime/7.49.1"
::1 - - [22/Nov/2025:13:05:13 +0000] "POST /api/v1/auth/login HTTP/1.1" 200 301 "-" "PostmanRuntime/7.49.1"
::1 - - [22/Nov/2025:13:07:51 +0000] "POST /api/v1/auth/login HTTP/1.1" 200 301 "-" "PostmanRuntime/7.49.1"
::1 - - [22/Nov/2025:13:07:53 +0000] "POST /api/v1/auth/login HTTP/1.1" 200 301 "-" "PostmanRuntime/7.49.1"
::1 - - [22/Nov/2025:13:07:54 +0000] "POST /api/v1/auth/login HTTP/1.1" 200 301 "-" "PostmanRuntime/7.49.1"
::1 - - [22/Nov/2025:13:07:55 +0000] "POST /api/v1/auth/login HTTP/1.1" 200 301 "-" "PostmanRuntime/7.49.1"
::1 - - [22/Nov/2025:13:07:57 +0000] "POST /api/v1/auth/login HTTP/1.1" 200 301 "-" "PostmanRuntime/7.49.1"
::1 - - [22/Nov/2025:13:07:58 +0000] "POST /api/v1/auth/login HTTP/1.1" 200 301 "-" "PostmanRuntime/7.49.1"
::1 - - [22/Nov/2025:13:08:00 +0000] "POST /api/v1/auth/login HTTP/1.1" 200 301 "-" "PostmanRuntime/7.49.1"
::1 - - [22/Nov/2025:13:08:38 +0000] "POST /api/v1/auth/login HTTP/1.1" 200 301 "-" "PostmanRuntime/7.49.1"
::1 - - [22/Nov/2025:13:08:39 +0000] "POST /api/v1/auth/login HTTP/1.1" 200 301 "-" "PostmanRuntime/7.49.1"
::1 - - [22/Nov/2025:13:08:41 +0000] "POST /api/v1/auth/login HTTP/1.1" 200 301 "-" "PostmanRuntime/7.49.1"
::1 - - [22/Nov/2025:13:08:42 +0000] "POST /api/v1/auth/login HTTP/1.1" 200 301 "-" "PostmanRuntime/7.49.1"
::1 - - [22/Nov/2025:13:08:43 +0000] "POST /api/v1/auth/login HTTP/1.1" 200 301 "-" "PostmanRuntime/7.49.1"
::1 - - [22/Nov/2025:13:08:45 +0000] "POST /api/v1/auth/login HTTP/1.1" 200 301 "-" "PostmanRuntime/7.49.1"
::1 - - [22/Nov/2025:13:09:14 +0000] "POST /api/v1/auth/login HTTP/1.1" 200 301 "-" "PostmanRuntime/7.49.1"
::1 - - [22/Nov/2025:13:09:15 +0000] "POST /api/v1/auth/login HTTP/1.1" 200 301 "-" "PostmanRuntime/7.49.1"
::1 - - [22/Nov/2025:13:09:16 +0000] "POST /api/v1/auth/login HTTP/1.1" 200 301 "-" "PostmanRuntime/7.49.1"
::1 - - [22/Nov/2025:13:09:17 +0000] "POST /api/v1/auth/login HTTP/1.1" 200 301 "-" "PostmanRuntime/7.49.1"
::1 - - [22/Nov/2025:13:09:19 +0000] "POST /api/v1/auth/login HTTP/1.1" 200 301 "-" "PostmanRuntime/7.49.1"
::1 - - [22/Nov/2025:13:09:20 +0000] "POST /api/v1/auth/login HTTP/1.1" 200 301 "-" "PostmanRuntime/7.49.1"
::1 - - [22/Nov/2025:13:10:29 +0000] "POST /api/v1/auth/login HTTP/1.1" 200 301 "-" "PostmanRuntime/7.49.1"
::1 - - [22/Nov/2025:13:10:30 +0000] "POST /api/v1/auth/login HTTP/1.1" 200 301 "-" "PostmanRuntime/7.49.1"
::1 - - [22/Nov/2025:13:10:31 +0000] "POST /api/v1/auth/login HTTP/1.1" 200 301 "-" "PostmanRuntime/7.49.1"
::1 - - [22/Nov/2025:13:10:33 +0000] "POST /api/v1/auth/login HTTP/1.1" 200 301 "-" "PostmanRuntime/7.49.1"
::1 - - [22/Nov/2025:13:10:34 +0000] "POST /api/v1/auth/login HTTP/1.1" 200 301 "-" "PostmanRuntime/7.49.1"
::1 - - [22/Nov/2025:13:10:35 +0000] "POST /api/v1/auth/login HTTP/1.1" 200 301 "-" "PostmanRuntime/7.49.1"
::1 - - [22/Nov/2025:13:11:15 +0000] "POST /api/v1/auth/login HTTP/1.1" 200 301 "-" "PostmanRuntime/7.49.1"
::1 - - [22/Nov/2025:13:11:17 +0000] "POST /api/v1/auth/login HTTP/1.1" 200 301 "-" "PostmanRuntime/7.49.1"
::1 - - [22/Nov/2025:13:11:18 +0000] "POST /api/v1/auth/login HTTP/1.1" 200 301 "-" "PostmanRuntime/7.49.1"
::1 - - [22/Nov/2025:13:11:20 +0000] "POST /api/v1/auth/login HTTP/1.1" 200 301 "-" "PostmanRuntime/7.49.1"
::1 - - [22/Nov/2025:13:11:21 +0000] "POST /api/v1/auth/login HTTP/1.1" 200 301 "-" "PostmanRuntime/7.49.1"
::1 - - [22/Nov/2025:13:11:22 +0000] "POST /api/v1/auth/login HTTP/1.1" 200 301 "-" "PostmanRuntime/7.49.1"
::1 - - [22/Nov/2025:13:14:02 +0000] "POST /api/v1/auth/login HTTP/1.1" 200 301 "-" "PostmanRuntime/7.49.1"
::1 - - [22/Nov/2025:13:14:03 +0000] "POST /api/v1/auth/login HTTP/1.1" 200 301 "-" "PostmanRuntime/7.49.1"
::1 - - [22/Nov/2025:13:14:05 +0000] "POST /api/v1/auth/login HTTP/1.1" 200 301 "-" "PostmanRuntime/7.49.1"
::1 - - [22/Nov/2025:13:14:07 +0000] "POST /api/v1/auth/login HTTP/1.1" 200 301 "-" "PostmanRuntime/7.49.1"
::1 - - [22/Nov/2025:13:14:09 +0000] "POST /api/v1/auth/login HTTP/1.1" 200 301 "-" "PostmanRuntime/7.49.1"
::1 - - [22/Nov/2025:13:14:11 +0000] "POST /api/v1/auth/login HTTP/1.1" 200 301 "-" "PostmanRuntime/7.49.1"
::1 - - [22/Nov/2025:13:14:12 +0000] "POST /api/v1/auth/login HTTP/1.1" 200 301 "-" "PostmanRuntime/7.49.1"
::1 - - [22/Nov/2025:13:14:14 +0000] "POST /api/v1/auth/login HTTP/1.1" 200 301 "-" "PostmanRuntime/7.49.1"
::1 - - [22/Nov/2025:13:14:15 +0000] "POST /api/v1/auth/login HTTP/1.1" 200 301 "-" "PostmanRuntime/7.49.1"
::1 - - [22/Nov/2025:13:14:18 +0000] "POST /api/v1/auth/login HTTP/1.1" 200 301 "-" "PostmanRuntime/7.49.1"
::1 - - [22/Nov/2025:13:15:43 +0000] "POST /api/v1/auth/login HTTP/1.1" 200 301 "-" "PostmanRuntime/7.49.1"
::1 - - [22/Nov/2025:13:15:44 +0000] "POST /api/v1/auth/login HTTP/1.1" 200 301 "-" "PostmanRuntime/7.49.1"
::1 - - [22/Nov/2025:13:15:46 +0000] "POST /api/v1/auth/login HTTP/1.1" 200 301 "-" "PostmanRuntime/7.49.1"
::1 - - [22/Nov/2025:13:15:47 +0000] "POST /api/v1/auth/login HTTP/1.1" 200 301 "-" "PostmanRuntime/7.49.1"
::1 - - [22/Nov/2025:13:15:48 +0000] "POST /api/v1/auth/login HTTP/1.1" 200 301 "-" "PostmanRuntime/7.49.1"
::1 - - [22/Nov/2025:13:15:49 +0000] "POST /api/v1/auth/login HTTP/1.1" 200 301 "-" "PostmanRuntime/7.49.1"
::1 - - [22/Nov/2025:13:15:50 +0000] "POST /api/v1/auth/login HTTP/1.1" 200 301 "-" "PostmanRuntime/7.49.1"
::1 - - [22/Nov/2025:13:15:51 +0000] "POST /api/v1/auth/login HTTP/1.1" 200 301 "-" "PostmanRuntime/7.49.1"
::1 - - [22/Nov/2025:13:15:54 +0000] "POST /api/v1/auth/login HTTP/1.1" 200 301 "-" "PostmanRuntime/7.49.1"
::1 - - [22/Nov/2025:13:15:56 +0000] "POST /api/v1/auth/login HTTP/1.1" 200 301 "-" "PostmanRuntime/7.49.1"
::1 - - [22/Nov/2025:13:15:57 +0000] "POST /api/v1/auth/login HTTP/1.1" 200 301 "-" "PostmanRuntime/7.49.1"
::1 - - [24/Nov/2025:15:29:50 +0000] "POST /api/v1/auth/upload-profile HTTP/1.1" 200 99 "-" "PostmanRuntime/7.49.1"
::1 - - [24/Nov/2025:15:31:18 +0000] "POST /api/v1/auth/upload-profile HTTP/1.1" 200 99 "-" "PostmanRuntime/7.49.1"
::1 - - [24/Nov/2025:16:34:13 +0000] "GET /ws HTTP/1.1" 404 141 "-" "Mozilla/5.0 (Windows NT 10.0; Win64; x64) AppleWebKit/537.36 (KHTML, like Gecko) Chrome/142.0.0.0 Safari/537.36 Edg/142.0.0.0"
